2016-08-07 3:57:56 - PHP Warning:  mail(): Failed to connect to mailserver at &quot;localhost&quot; port 25, verify your &quot;SMTP&quot; and &quot;smtp_port&quot; setting in php.ini or use ini_set() in F:\wamp64\www\mycncart\1500\system\library\mail.php on line 158
2016-08-07 7:52:39 - PHP Notice:  Undefined index: shipping_telephone in F:\wamp64\www\mycncart\1500\catalog\model\account\address.php on line 4
2016-08-07 8:14:07 - PHP Warning:  mail(): Failed to connect to mailserver at &quot;localhost&quot; port 25, verify your &quot;SMTP&quot; and &quot;smtp_port&quot; setting in php.ini or use ini_set() in F:\wamp64\www\mycncart\1500\system\library\mail.php on line 158
2016-08-07 8:14:08 - PHP Warning:  mail(): Failed to connect to mailserver at &quot;localhost&quot; port 25, verify your &quot;SMTP&quot; and &quot;smtp_port&quot; setting in php.ini or use ini_set() in F:\wamp64\www\mycncart\1500\system\library\mail.php on line 158
2016-08-07 8:20:20 - PHP Notice:  Undefined index: fullname in F:\wamp64\www\mycncart\1500\admin\controller\common\column_left.php on line 14
2016-08-07 8:31:03 - PHP Warning:  mail(): Failed to connect to mailserver at &quot;localhost&quot; port 25, verify your &quot;SMTP&quot; and &quot;smtp_port&quot; setting in php.ini or use ini_set() in F:\wamp64\www\mycncart\1500\system\library\mail.php on line 158
2016-08-07 8:31:04 - PHP Warning:  mail(): Failed to connect to mailserver at &quot;localhost&quot; port 25, verify your &quot;SMTP&quot; and &quot;smtp_port&quot; setting in php.ini or use ini_set() in F:\wamp64\www\mycncart\1500\system\library\mail.php on line 158
2016-08-07 8:31:28 - PHP Notice:  Undefined variable: lastname in F:\wamp64\www\mycncart\1500\admin\view\template\sale\order_info.tpl on line 56
2016-08-07 8:42:37 - PHP Notice:  Undefined index: shipping_telephone in F:\wamp64\www\mycncart\1500\admin\controller\sale\order.php on line 926
2016-08-07 9:06:47 - PHP Notice:  Undefined index: shipping_telephone in F:\wamp64\www\mycncart\1500\catalog\controller\checkout\confirm.php on line 165
2016-08-07 9:11:54 - PHP Notice:  Undefined index: shipping_telephone in F:\wamp64\www\mycncart\1500\catalog\controller\checkout\confirm.php on line 165
2016-08-07 9:16:51 - PHP Warning:  mail(): Failed to connect to mailserver at &quot;localhost&quot; port 25, verify your &quot;SMTP&quot; and &quot;smtp_port&quot; setting in php.ini or use ini_set() in F:\wamp64\www\mycncart\1500\system\library\mail.php on line 158
2016-08-07 9:16:52 - PHP Warning:  mail(): Failed to connect to mailserver at &quot;localhost&quot; port 25, verify your &quot;SMTP&quot; and &quot;smtp_port&quot; setting in php.ini or use ini_set() in F:\wamp64\www\mycncart\1500\system\library\mail.php on line 158
2016-08-07 9:20:23 - PHP Notice:  Undefined index: shipping_telephone in F:\wamp64\www\mycncart\1500\catalog\controller\api\order.php on line 518
2016-08-07 9:20:24 - PHP Warning:  mail(): Failed to connect to mailserver at &quot;localhost&quot; port 25, verify your &quot;SMTP&quot; and &quot;smtp_port&quot; setting in php.ini or use ini_set() in F:\wamp64\www\mycncart\1500\system\library\mail.php on line 158
2016-08-07 9:20:25 - PHP Warning:  mail(): Failed to connect to mailserver at &quot;localhost&quot; port 25, verify your &quot;SMTP&quot; and &quot;smtp_port&quot; setting in php.ini or use ini_set() in F:\wamp64\www\mycncart\1500\system\library\mail.php on line 158
2016-08-07 9:32:52 - PHP Notice:  Undefined index: shipping_telephone in F:\wamp64\www\mycncart\1500\catalog\controller\api\order.php on line 518
2016-08-07 9:32:53 - PHP Warning:  mail(): Failed to connect to mailserver at &quot;localhost&quot; port 25, verify your &quot;SMTP&quot; and &quot;smtp_port&quot; setting in php.ini or use ini_set() in F:\wamp64\www\mycncart\1500\system\library\mail.php on line 158
2016-08-07 9:32:54 - PHP Warning:  mail(): Failed to connect to mailserver at &quot;localhost&quot; port 25, verify your &quot;SMTP&quot; and &quot;smtp_port&quot; setting in php.ini or use ini_set() in F:\wamp64\www\mycncart\1500\system\library\mail.php on line 158
2016-08-07 9:49:54 - PHP Warning:  mail(): Failed to connect to mailserver at &quot;localhost&quot; port 25, verify your &quot;SMTP&quot; and &quot;smtp_port&quot; setting in php.ini or use ini_set() in F:\wamp64\www\mycncart\1500\system\library\mail.php on line 158
2016-08-07 9:49:55 - PHP Warning:  mail(): Failed to connect to mailserver at &quot;localhost&quot; port 25, verify your &quot;SMTP&quot; and &quot;smtp_port&quot; setting in php.ini or use ini_set() in F:\wamp64\www\mycncart\1500\system\library\mail.php on line 158
2016-08-07 9:51:27 - PHP Notice:  Undefined index: shipping_telephone in F:\wamp64\www\mycncart\1500\catalog\controller\api\order.php on line 518
2016-08-07 9:51:28 - PHP Warning:  mail(): Failed to connect to mailserver at &quot;localhost&quot; port 25, verify your &quot;SMTP&quot; and &quot;smtp_port&quot; setting in php.ini or use ini_set() in F:\wamp64\www\mycncart\1500\system\library\mail.php on line 158
2016-08-07 9:51:29 - PHP Warning:  mail(): Failed to connect to mailserver at &quot;localhost&quot; port 25, verify your &quot;SMTP&quot; and &quot;smtp_port&quot; setting in php.ini or use ini_set() in F:\wamp64\www\mycncart\1500\system\library\mail.php on line 158
2016-08-07 10:03:19 - PHP Notice:  Undefined index: shipping_telephone in F:\wamp64\www\mycncart\1500\catalog\controller\api\order.php on line 518
2016-08-07 10:06:07 - PHP Warning:  mail(): Failed to connect to mailserver at &quot;localhost&quot; port 25, verify your &quot;SMTP&quot; and &quot;smtp_port&quot; setting in php.ini or use ini_set() in F:\wamp64\www\mycncart\1500\system\library\mail.php on line 158
2016-08-07 10:06:08 - PHP Warning:  mail(): Failed to connect to mailserver at &quot;localhost&quot; port 25, verify your &quot;SMTP&quot; and &quot;smtp_port&quot; setting in php.ini or use ini_set() in F:\wamp64\www\mycncart\1500\system\library\mail.php on line 158
2016-08-07 10:18:45 - PHP Warning:  mail(): Failed to connect to mailserver at &quot;localhost&quot; port 25, verify your &quot;SMTP&quot; and &quot;smtp_port&quot; setting in php.ini or use ini_set() in F:\wamp64\www\mycncart\1500\system\library\mail.php on line 158
2016-08-07 10:22:48 - PHP Notice:  Undefined index: shipping_telephone in F:\wamp64\www\mycncart\1500\catalog\controller\account\address.php on line 477
2016-08-10 2:46:45 - PHP Warning:  chdir(): No such file or directory (errno 2) in F:\wamp64\www\mycncart\1500\admin\model\tool\excelexportimport.php on line 3587
2016-08-10 2:46:45 - PHP Warning:  require_once(Classes/PHPExcel.php): failed to open stream: No such file or directory in F:\wamp64\www\mycncart\1500\admin\model\tool\excelexportimport.php on line 3588
2016-08-10 2:58:38 - PHP Notice:  Undefined variable: entry_miit in F:\wamp64\www\mycncart\1500\admin\view\template\setting\setting.tpl on line 125
2016-08-10 2:58:38 - PHP Notice:  Undefined variable: entry_miit in F:\wamp64\www\mycncart\1500\admin\view\template\setting\setting.tpl on line 127
2016-08-10 2:58:38 - PHP Notice:  Undefined variable: entry_map_select in F:\wamp64\www\mycncart\1500\admin\view\template\setting\setting.tpl on line 131
2016-08-10 2:58:38 - PHP Notice:  Undefined variable: text_baidu in F:\wamp64\www\mycncart\1500\admin\view\template\setting\setting.tpl on line 136
2016-08-10 2:58:38 - PHP Notice:  Undefined variable: text_google in F:\wamp64\www\mycncart\1500\admin\view\template\setting\setting.tpl on line 148
2016-08-10 3:00:18 - PHP Notice:  Undefined variable: text_baidu in F:\wamp64\www\mycncart\1500\admin\view\template\setting\setting.tpl on line 136
2016-08-10 3:00:18 - PHP Notice:  Undefined variable: text_google in F:\wamp64\www\mycncart\1500\admin\view\template\setting\setting.tpl on line 148
2016-08-10 3:09:39 - PHP Notice:  Undefined variable: text_baidu_signup in F:\wamp64\www\mycncart\1500\admin\view\template\setting\setting.tpl on line 1470
2016-08-10 3:10:06 - PHP Notice:  Undefined variable: text_baidu_signup in F:\wamp64\www\mycncart\1500\admin\view\template\setting\setting.tpl on line 1471
2016-08-10 3:31:17 - PHP Notice:  Undefined variable: text_autocomplete in F:\wamp64\www\mycncart\1500\admin\view\template\setting\setting.tpl on line 1077
2016-08-10 3:31:17 - PHP Notice:  Undefined variable: error_limit_autocomplete in F:\wamp64\www\mycncart\1500\admin\view\template\setting\setting.tpl on line 1082
2016-08-10 3:31:42 - PHP Notice:  Undefined variable: text_autocomplete in F:\wamp64\www\mycncart\1500\admin\view\template\setting\setting.tpl on line 1077
2016-08-10 3:31:42 - PHP Notice:  Undefined variable: error_limit_autocomplete in F:\wamp64\www\mycncart\1500\admin\view\template\setting\setting.tpl on line 1082
2016-08-10 3:33:16 - PHP Notice:  Undefined variable: text_autocomplete in F:\wamp64\www\mycncart\1500\admin\view\template\setting\setting.tpl on line 1077
2016-08-10 3:33:56 - PHP Notice:  Undefined variable: text_autocomplete in F:\wamp64\www\mycncart\1500\admin\view\template\setting\setting.tpl on line 1077
2016-08-10 6:00:09 - PHP Notice:  Undefined variable: text_blog in F:\wamp64\www\mycncart\1500\catalog\view\theme\default\template\common\header.tpl on line 113
2016-08-10 6:00:09 - PHP Notice:  Undefined variable: text_press in F:\wamp64\www\mycncart\1500\catalog\view\theme\default\template\common\header.tpl on line 114
2016-08-10 6:00:09 - PHP Notice:  Undefined variable: text_faq in F:\wamp64\www\mycncart\1500\catalog\view\theme\default\template\common\header.tpl on line 115
2016-08-10 6:02:11 - PHP Warning:  Division by zero in F:\wamp64\www\mycncart\1500\catalog\controller\blog\all.php on line 256
2016-08-10 6:02:27 - PHP Warning:  Division by zero in F:\wamp64\www\mycncart\1500\catalog\controller\press\all.php on line 152
2016-08-10 6:02:29 - PHP Warning:  Division by zero in F:\wamp64\www\mycncart\1500\catalog\controller\faq\faq.php on line 149
2016-08-10 6:02:33 - PHP Warning:  Division by zero in F:\wamp64\www\mycncart\1500\catalog\controller\blog\all.php on line 256
2016-08-10 6:09:23 - PHP Warning:  Division by zero in F:\wamp64\www\mycncart\1500\catalog\controller\blog\all.php on line 256
2016-08-10 6:10:53 - PHP Warning:  Division by zero in F:\wamp64\www\mycncart\1500\catalog\controller\blog\all.php on line 257
2016-08-10 6:23:01 - PHP Warning:  Division by zero in F:\wamp64\www\mycncart\1500\catalog\controller\blog\all.php on line 256
2016-08-10 6:40:01 - PHP Notice:  Error: Could not load template /home/demotestmycncart/public_html/admin/view/template/module/blog_category.tpl! in /home/demotestmycncart/public_html/system/library/template/php.php on line 23
2016-08-10 7:42:43 - PHP Notice:  Undefined variable: button_image_add in /home/demotestmycncart/public_html/admin/view/template/cms/blog_form.tpl on line 388
2016-08-10 7:42:43 - PHP Notice:  Undefined variable: button_remove in /home/demotestmycncart/public_html/admin/view/template/cms/blog_form.tpl on line 522
2016-08-10 7:42:43 - PHP Notice:  Undefined variable: button_remove in /home/demotestmycncart/public_html/admin/view/template/cms/blog_form.tpl on line 536
2016-08-10 7:42:43 - PHP Notice:  Undefined variable: button_remove in /home/demotestmycncart/public_html/admin/view/template/cms/blog_form.tpl on line 550
2016-08-10 7:42:47 - PHP Notice:  Undefined variable: button_image_add in /home/demotestmycncart/public_html/admin/view/template/cms/blog_form.tpl on line 388
2016-08-10 7:42:47 - PHP Notice:  Undefined variable: button_remove in /home/demotestmycncart/public_html/admin/view/template/cms/blog_form.tpl on line 522
2016-08-10 7:42:47 - PHP Notice:  Undefined variable: button_remove in /home/demotestmycncart/public_html/admin/view/template/cms/blog_form.tpl on line 536
2016-08-10 7:42:47 - PHP Notice:  Undefined variable: button_remove in /home/demotestmycncart/public_html/admin/view/template/cms/blog_form.tpl on line 550
2016-08-10 9:09:27 - PHP Notice:  Undefined variable: sms_gateway in /home/demotestmycncart/public_html/catalog/view/theme/default/template/checkout/register.tpl on line 34
2016-08-10 9:09:27 - PHP Notice:  Undefined variable: sms_gateway in /home/demotestmycncart/public_html/catalog/view/theme/default/template/checkout/register.tpl on line 40
2016-08-10 9:09:27 - PHP Notice:  Undefined variable: sms_gateway in /home/demotestmycncart/public_html/catalog/view/theme/default/template/checkout/register.tpl on line 498
2016-08-10 9:23:22 - PHP Notice:  Indirect modification of overloaded property ControllerCheckoutRegister::$error has no effect in /home/demotestmycncart/public_html/catalog/controller/checkout/register.php on line 174
2016-08-10 9:29:33 - PHP Notice:  Indirect modification of overloaded property ControllerCheckoutRegister::$error has no effect in /home/demotestmycncart/public_html/catalog/controller/checkout/register.php on line 168
2016-08-10 9:40:58 - PHP Warning:  Missing argument 2 for ModelAccountCustomer::addCustomer() in /home/demotestmycncart/public_html/catalog/model/account/customer.php on line 3
2016-08-10 9:40:58 - PHP Warning:  Missing argument 3 for ModelAccountCustomer::addCustomer() in /home/demotestmycncart/public_html/catalog/model/account/customer.php on line 3
2016-08-10 9:40:58 - PHP Notice:  Undefined variable: weixin_login_unionid in /home/demotestmycncart/public_html/catalog/model/account/customer.php on line 14
2016-08-10 9:40:58 - PHP Notice:  Undefined variable: weixin_login_openid in /home/demotestmycncart/public_html/catalog/model/account/customer.php on line 14
2016-08-10 9:40:58 - PHP Notice:  Undefined variable: weixin_login_openid in /home/demotestmycncart/public_html/catalog/model/account/customer.php on line 29
2016-08-10 9:40:58 - PHP Notice:  Undefined variable: weixin_login_unionid in /home/demotestmycncart/public_html/catalog/model/account/customer.php on line 29
2016-08-10 11:19:30 - PHP Warning:  explode() expects parameter 2 to be string, array given in /home/demotestmycncart/public_html/catalog/model/blog/comment.php on line 41
2016-08-10 11:19:30 - PHP Warning:  Invalid argument supplied for foreach() in /home/demotestmycncart/public_html/catalog/model/blog/comment.php on line 43
2016-08-10 11:19:30 - PHP Unknown:  Argument 2 passed to Event::trigger() must be of the type array, integer given, called in /home/demotestmycncart/public_html/catalog/model/blog/comment.php on line 51 and defined in /home/demotestmycncart/public_html/system/engine/event.php on line 19
2016-08-10 11:19:46 - PHP Warning:  explode() expects parameter 2 to be string, array given in /home/demotestmycncart/public_html/catalog/model/blog/comment.php on line 41
2016-08-10 11:19:46 - PHP Warning:  Invalid argument supplied for foreach() in /home/demotestmycncart/public_html/catalog/model/blog/comment.php on line 43
2016-08-10 11:19:46 - PHP Unknown:  Argument 2 passed to Event::trigger() must be of the type array, integer given, called in /home/demotestmycncart/public_html/catalog/model/blog/comment.php on line 51 and defined in /home/demotestmycncart/public_html/system/engine/event.php on line 19
2016-08-10 11:25:17 - PHP Warning:  explode() expects parameter 2 to be string, array given in /home/demotestmycncart/public_html/catalog/model/blog/comment.php on line 41
2016-08-10 11:25:17 - PHP Warning:  Invalid argument supplied for foreach() in /home/demotestmycncart/public_html/catalog/model/blog/comment.php on line 43
2016-08-10 11:25:17 - PHP Unknown:  Argument 2 passed to Event::trigger() must be of the type array, integer given, called in /home/demotestmycncart/public_html/catalog/model/blog/comment.php on line 51 and defined in /home/demotestmycncart/public_html/system/engine/event.php on line 19
2016-08-10 11:27:11 - PHP Warning:  explode() expects parameter 2 to be string, array given in /home/demotestmycncart/public_html/catalog/model/blog/comment.php on line 41
2016-08-10 11:27:11 - PHP Warning:  Invalid argument supplied for foreach() in /home/demotestmycncart/public_html/catalog/model/blog/comment.php on line 43
2016-08-10 11:27:11 - PHP Unknown:  Argument 2 passed to Event::trigger() must be of the type array, integer given, called in /home/demotestmycncart/public_html/catalog/model/blog/comment.php on line 51 and defined in /home/demotestmycncart/public_html/system/engine/event.php on line 19
2016-08-10 11:35:37 - PHP Unknown:  Argument 2 passed to Event::trigger() must be of the type array, integer given, called in /home/demotestmycncart/public_html/catalog/model/blog/comment.php on line 51 and defined in /home/demotestmycncart/public_html/system/engine/event.php on line 19
2016-08-10 11:38:38 - PHP Notice:  Undefined variable: help_blog in /home/demotestmycncart/public_html/admin/view/template/cms/blog_comment_form.tpl on line 35
2016-08-22 4:06:56 - PHP Notice:  Undefined variable: button_remove in /home/demotestmycncart/public_html/admin/view/template/cms/blog_form.tpl on line 356
2016-08-22 4:06:56 - PHP Notice:  Undefined variable: button_remove in /home/demotestmycncart/public_html/admin/view/template/cms/blog_form.tpl on line 356
2016-08-22 4:06:56 - PHP Notice:  Undefined variable: button_remove in /home/demotestmycncart/public_html/admin/view/template/cms/blog_form.tpl on line 356
2016-08-22 4:06:56 - PHP Notice:  Undefined variable: button_image_add in /home/demotestmycncart/public_html/admin/view/template/cms/blog_form.tpl on line 388
2016-08-22 4:06:56 - PHP Notice:  Undefined variable: button_remove in /home/demotestmycncart/public_html/admin/view/template/cms/blog_form.tpl on line 525
2016-08-22 4:06:56 - PHP Notice:  Undefined variable: button_remove in /home/demotestmycncart/public_html/admin/view/template/cms/blog_form.tpl on line 539
2016-08-22 4:06:56 - PHP Notice:  Undefined variable: button_remove in /home/demotestmycncart/public_html/admin/view/template/cms/blog_form.tpl on line 553
2016-08-22 4:07:18 - PHP Notice:  Undefined variable: button_remove in /home/demotestmycncart/public_html/admin/view/template/cms/blog_form.tpl on line 356
2016-08-22 4:07:18 - PHP Notice:  Undefined variable: button_remove in /home/demotestmycncart/public_html/admin/view/template/cms/blog_form.tpl on line 356
2016-08-22 4:07:18 - PHP Notice:  Undefined variable: button_remove in /home/demotestmycncart/public_html/admin/view/template/cms/blog_form.tpl on line 356
2016-08-22 4:07:18 - PHP Notice:  Undefined variable: button_image_add in /home/demotestmycncart/public_html/admin/view/template/cms/blog_form.tpl on line 388
2016-08-22 4:07:18 - PHP Notice:  Undefined variable: button_remove in /home/demotestmycncart/public_html/admin/view/template/cms/blog_form.tpl on line 525
2016-08-22 4:07:18 - PHP Notice:  Undefined variable: button_remove in /home/demotestmycncart/public_html/admin/view/template/cms/blog_form.tpl on line 539
2016-08-22 4:07:18 - PHP Notice:  Undefined variable: button_remove in /home/demotestmycncart/public_html/admin/view/template/cms/blog_form.tpl on line 553
2016-08-22 4:09:47 - PHP Notice:  Undefined variable: button_remove in /home/demotestmycncart/public_html/admin/view/template/cms/blog_form.tpl on line 356
2016-08-22 4:09:47 - PHP Notice:  Undefined variable: button_remove in /home/demotestmycncart/public_html/admin/view/template/cms/blog_form.tpl on line 356
2016-08-22 4:09:47 - PHP Notice:  Undefined variable: button_remove in /home/demotestmycncart/public_html/admin/view/template/cms/blog_form.tpl on line 356
2016-08-22 4:09:47 - PHP Notice:  Undefined variable: button_image_add in /home/demotestmycncart/public_html/admin/view/template/cms/blog_form.tpl on line 388
2016-08-22 4:09:47 - PHP Notice:  Undefined variable: button_remove in /home/demotestmycncart/public_html/admin/view/template/cms/blog_form.tpl on line 525
2016-08-22 4:09:47 - PHP Notice:  Undefined variable: button_remove in /home/demotestmycncart/public_html/admin/view/template/cms/blog_form.tpl on line 539
2016-08-22 4:09:47 - PHP Notice:  Undefined variable: button_remove in /home/demotestmycncart/public_html/admin/view/template/cms/blog_form.tpl on line 553
2016-08-22 4:10:54 - PHP Notice:  Undefined variable: button_remove in /home/demotestmycncart/public_html/admin/view/template/cms/blog_form.tpl on line 356
2016-08-22 4:10:54 - PHP Notice:  Undefined variable: button_remove in /home/demotestmycncart/public_html/admin/view/template/cms/blog_form.tpl on line 356
2016-08-22 4:10:54 - PHP Notice:  Undefined variable: button_remove in /home/demotestmycncart/public_html/admin/view/template/cms/blog_form.tpl on line 356
2016-08-22 4:10:54 - PHP Notice:  Undefined variable: button_image_add in /home/demotestmycncart/public_html/admin/view/template/cms/blog_form.tpl on line 388
2016-08-22 4:10:54 - PHP Notice:  Undefined variable: button_remove in /home/demotestmycncart/public_html/admin/view/template/cms/blog_form.tpl on line 525
2016-08-22 4:10:54 - PHP Notice:  Undefined variable: button_remove in /home/demotestmycncart/public_html/admin/view/template/cms/blog_form.tpl on line 539
2016-08-22 4:10:54 - PHP Notice:  Undefined variable: button_remove in /home/demotestmycncart/public_html/admin/view/template/cms/blog_form.tpl on line 553
2016-08-22 4:17:23 - PHP Notice:  Undefined index: article_list_gallery_display in /home/demotestmycncart/public_html/catalog/model/blog/blog.php on line 33
2016-08-22 4:17:23 - PHP Notice:  Undefined index: article_list_gallery_display in /home/demotestmycncart/public_html/catalog/model/blog/blog.php on line 33
2016-08-22 4:17:23 - PHP Notice:  Undefined index: article_list_gallery_display in /home/demotestmycncart/public_html/catalog/model/blog/blog.php on line 33
2016-08-22 4:17:23 - PHP Notice:  Undefined index: article_list_gallery_display in /home/demotestmycncart/public_html/catalog/model/blog/blog.php on line 33
2016-08-22 4:17:23 - PHP Notice:  Undefined index: article_list_gallery_display in /home/demotestmycncart/public_html/catalog/model/blog/blog.php on line 33
2016-08-22 4:17:23 - PHP Notice:  Undefined index: article_list_gallery_display in /home/demotestmycncart/public_html/catalog/model/blog/blog.php on line 33
2016-08-22 4:17:23 - PHP Notice:  Undefined index: article_list_gallery_display in /home/demotestmycncart/public_html/catalog/model/blog/blog.php on line 33
2016-08-22 4:17:23 - PHP Notice:  Undefined index: article_list_gallery_display in /home/demotestmycncart/public_html/catalog/model/blog/blog.php on line 33
2016-08-22 4:17:23 - PHP Notice:  Undefined index: article_list_gallery_display in /home/demotestmycncart/public_html/catalog/model/blog/blog.php on line 33
2016-08-22 4:17:23 - PHP Notice:  Undefined index: article_list_gallery_display in /home/demotestmycncart/public_html/catalog/model/blog/blog.php on line 33
2016-08-22 4:56:14 - PHP Notice:  Undefined index: shipping_telephone in /home/demotestmycncart/public_html/admin/controller/customer/customer.php on line 879
2016-08-22 4:58:18 - PHP Notice:  Undefined variable: shipping_telephone in /home/demotestmycncart/public_html/admin/view/template/customer/customer_form.tpl on line 80
2016-08-22 4:58:18 - PHP Notice:  Undefined variable: error_shipping_telephone in /home/demotestmycncart/public_html/admin/view/template/customer/customer_form.tpl on line 81
